Build started 21.09.2015 12:19:17.
     1>Project "C:\Users\Александр\Desktop\TECHPROG\lab5\ex1\ex1\ex1.vcxproj" on node 2 (build target(s)).
     1>InitializeBuildStatus:
         Creating "Debug\ex1.unsuccessfulbuild" because "AlwaysCreate" was specified.
       ClCompile:
         D:\Program Files (x86)\Microsoft Visual Studio 10.0\VC\bin\CL.exe /c /ZI /nologo /W3 /WX- /Od /Oy- /D WIN32 /D _DEBUG /D _CONSOLE /D _UNICODE /D UNICODE /Gm /EHsc /RTC1 /MDd /GS /fp:precise /Zc:wchar_t /Zc:forScope /Fo"Debug\\" /Fd"Debug\vc100.pdb" /Gd /TP /analyze- /errorReport:prompt main.cpp
         main.cpp
     1>c:\users\александр\desktop\techprog\lab5\ex1\ex1\main.cpp(56): warning C4804: '*=' : unsafe use of type 'bool' in operation
     1>c:\users\александр\desktop\techprog\lab5\ex1\ex1\main.cpp(56): warning C4800: 'int' : forcing value to bool 'true' or 'false' (performance warning)
     1>c:\users\александр\desktop\techprog\lab5\ex1\ex1\main.cpp(66): warning C4804: '*=' : unsafe use of type 'bool' in operation
     1>c:\users\александр\desktop\techprog\lab5\ex1\ex1\main.cpp(66): warning C4800: 'int' : forcing value to bool 'true' or 'false' (performance warning)
       ManifestResourceCompile:
         All outputs are up-to-date.
       Link:
         D:\Program Files (x86)\Microsoft Visual Studio 10.0\VC\bin\link.exe /ERRORREPORT:PROMPT /OUT:"C:\Users\Александр\Desktop\TECHPROG\lab5\ex1\Debug\ex1.exe" /INCREMENTAL /NOLOGO kernel32.lib user32.lib gdi32.lib winspool.lib comdlg32.lib advapi32.lib shell32.lib ole32.lib oleaut32.lib uuid.lib odbc32.lib odbccp32.lib /MANIFEST /ManifestFile:"Debug\ex1.exe.intermediate.manifest" /MANIFESTUAC:"level='asInvoker' uiAccess='false'" /DEBUG /PDB:"C:\Users\Александр\Desktop\TECHPROG\lab5\ex1\Debug\ex1.pdb" /SUBSYSTEM:CONSOLE /TLBID:1 /DYNAMICBASE /NXCOMPAT /IMPLIB:"C:\Users\Александр\Desktop\TECHPROG\lab5\ex1\Debug\ex1.lib" /MACHINE:X86 Debug\ex1.exe.embed.manifest.res
         Debug\main.obj
       Manifest:
         C:\Program Files (x86)\Microsoft SDKs\Windows\v7.0A\bin\mt.exe /nologo /verbose /out:"Debug\ex1.exe.embed.manifest" /manifest Debug\ex1.exe.intermediate.manifest
         All outputs are up-to-date.
       LinkEmbedManifest:
         All outputs are up-to-date.
         ex1.vcxproj -> C:\Users\Александр\Desktop\TECHPROG\lab5\ex1\Debug\ex1.exe
       FinalizeBuildStatus:
         Deleting file "Debug\ex1.unsuccessfulbuild".
         Touching "Debug\ex1.lastbuildstate".
     1>Done Building Project "C:\Users\Александр\Desktop\TECHPROG\lab5\ex1\ex1\ex1.vcxproj" (build target(s)).

Build succeeded.

Time Elapsed 00:00:03.15
