Build started 27.09.2015 23:33:45.
     1>Project "X:\_URFU\TECHPROG\lab6\ex1\ex1\ex1.vcxproj" on node 2 (build target(s)).
     1>InitializeBuildStatus:
         Touching "Release\ex1.unsuccessfulbuild".
       ClCompile:
         C:\Program Files (x86)\Microsoft Visual Studio 10.0\VC\bin\CL.exe /c /Zi /nologo /W3 /WX- /O2 /Oi /Oy- /GL /D WIN32 /D NDEBUG /D _CONSOLE /D _UNICODE /D UNICODE /Gm- /EHsc /MD /GS /Gy /fp:precise /Zc:wchar_t /Zc:forScope /Fo"Release\\" /Fd"Release\vc100.pdb" /Gd /TP /analyze- /errorReport:prompt main.cpp
         main.cpp
     1>main.cpp(34): warning C4996: 'gets': This function or variable may be unsafe. Consider using gets_s instead. To disable deprecation, use _CRT_SECURE_NO_WARNINGS. See online help for details.
                 C:\Program Files (x86)\Microsoft Visual Studio 10.0\VC\include\stdio.h(277) : see declaration of 'gets'
     1>main.cpp(53): warning C4996: 'strncpy': This function or variable may be unsafe. Consider using strncpy_s instead. To disable deprecation, use _CRT_SECURE_NO_WARNINGS. See online help for details.
                 C:\Program Files (x86)\Microsoft Visual Studio 10.0\VC\include\string.h(188) : see declaration of 'strncpy'
     1>main.cpp(63): warning C4996: 'strncpy': This function or variable may be unsafe. Consider using strncpy_s instead. To disable deprecation, use _CRT_SECURE_NO_WARNINGS. See online help for details.
                 C:\Program Files (x86)\Microsoft Visual Studio 10.0\VC\include\string.h(188) : see declaration of 'strncpy'
       Link:
         C:\Program Files (x86)\Microsoft Visual Studio 10.0\VC\bin\link.exe /ERRORREPORT:PROMPT /OUT:"X:\_URFU\TECHPROG\lab6\ex1\Release\ex1.exe" /INCREMENTAL:NO /NOLOGO kernel32.lib user32.lib gdi32.lib winspool.lib comdlg32.lib advapi32.lib shell32.lib ole32.lib oleaut32.lib uuid.lib odbc32.lib odbccp32.lib /MANIFEST /ManifestFile:"Release\ex1.exe.intermediate.manifest" /MANIFESTUAC:"level='asInvoker' uiAccess='false'" /DEBUG /PDB:"X:\_URFU\TECHPROG\lab6\ex1\Release\ex1.pdb" /SUBSYSTEM:CONSOLE /OPT:REF /OPT:ICF /LTCG /TLBID:1 /DYNAMICBASE /NXCOMPAT /IMPLIB:"X:\_URFU\TECHPROG\lab6\ex1\Release\ex1.lib" /MACHINE:X86 Release\main.obj
         Generating code
     1>x:\_urfu\techprog\lab6\ex1\ex1\main.cpp(63): warning C4700: uninitialized local variable 'x' used
         Finished generating code
         ex1.vcxproj -> X:\_URFU\TECHPROG\lab6\ex1\Release\ex1.exe
       Manifest:
         C:\Program Files (x86)\Microsoft SDKs\Windows\v7.0A\bin\mt.exe /nologo /verbose /outputresource:"X:\_URFU\TECHPROG\lab6\ex1\Release\ex1.exe;#1" /manifest Release\ex1.exe.intermediate.manifest
       FinalizeBuildStatus:
         Deleting file "Release\ex1.unsuccessfulbuild".
         Touching "Release\ex1.lastbuildstate".
     1>Done Building Project "X:\_URFU\TECHPROG\lab6\ex1\ex1\ex1.vcxproj" (build target(s)).

Build succeeded.

Time Elapsed 00:00:00.58
